[2014-09-05 22:51:16] START
[2014-09-05 22:53:50] EDIT InteractiveSignalViewer/views/plugin_layouts/layouts/Customize.html: -137
[2014-09-05 22:54:25] EDIT InteractiveSignalViewer/controllers/default.py: -38
[2014-09-05 22:54:49] CREATE layoutnew.html: 0
[2014-09-05 22:54:56] EDIT InteractiveSignalViewer/views/layoutnew.html: 96
[2014-09-05 22:56:01] EDIT InteractiveSignalViewer/static/css/bootstrap.min.css: -2
[2014-09-05 22:57:19] EDIT InteractiveSignalViewer/views/default/index.html: 31
[2014-09-05 22:58:10] EDIT InteractiveSignalViewer/static/js/bootstrap.min.js: 0
[2014-09-05 22:59:30] EDIT InteractiveSignalViewer/static/js/jquery.js: 0
[2014-09-05 22:59:54] EDIT InteractiveSignalViewer/static/plugin_layouts/layouts/Customize/style.css: -113
[2014-09-05 23:00:19] EDIT InteractiveSignalViewer/views/default/index.html: 0
[2014-09-05 23:00:46] EDIT InteractiveSignalViewer/views/default/index.html: 0
[2014-09-05 23:00:49] EDIT InteractiveSignalViewer/views/default/index.html: 0
[2014-09-05 23:01:25] EDIT InteractiveSignalViewer/views/default/index.html: 0
[2014-09-05 23:01:47] EDIT InteractiveSignalViewer/views/default/index.html: 0
[2014-09-05 23:04:04] EDIT InteractiveSignalViewer/views/default/index.html: 0
[2014-09-05 23:04:13] EDIT InteractiveSignalViewer/views/default/index.html: 0
[2014-09-05 23:12:09] EDIT InteractiveSignalViewer/models/db.py: 23
[2014-09-05 23:12:55] EDIT InteractiveSignalViewer/models/db.py: -1
[2014-09-05 23:13:03] EDIT InteractiveSignalViewer/models/db.py: -1
[2014-09-05 23:13:09] EDIT InteractiveSignalViewer/models/db.py: 0
[2014-09-05 23:13:54] EDIT InteractiveSignalViewer/controllers/default.py: 2
[2014-09-05 23:14:55] EDIT InteractiveSignalViewer/controllers/default.py: -9
[2014-09-05 23:16:23] EDIT InteractiveSignalViewer/controllers/default.py: 0
[2014-09-05 23:16:41] EDIT InteractiveSignalViewer/controllers/default.py: 0
[2014-09-05 23:19:06] EDIT InteractiveSignalViewer/views/default/user.html: -21
[2014-09-05 23:19:46] EDIT InteractiveSignalViewer/views/default/index.html: 0
[2014-09-05 23:19:54] EDIT InteractiveSignalViewer/views/default/index.html: 0
[2014-09-05 23:20:31] EDIT InteractiveSignalViewer/models/db.py: -1
[2014-09-05 23:22:14] EDIT InteractiveSignalViewer/models/db.py: 26
[2014-09-05 23:24:25] EDIT InteractiveSignalViewer/models/db.py: -1
[2014-09-05 23:27:00] EDIT InteractiveSignalViewer/controllers/default.py: 2
[2014-09-05 23:27:12] EDIT InteractiveSignalViewer/views/default/user.html: 0
[2014-09-05 23:27:33] EDIT InteractiveSignalViewer/views/default/user.html: 2
[2014-09-05 23:28:00] EDIT InteractiveSignalViewer/views/default/index.html: 0
[2014-09-05 23:31:16] CREATE login.html: 0
[2014-09-05 23:31:28] EDIT InteractiveSignalViewer/views/login.html: 1
[2014-09-05 23:35:29] EDIT InteractiveSignalViewer/views/default/user.html: 0
[2014-09-05 23:37:46] EDIT InteractiveSignalViewer/static/plugin_layouts/layouts/Customize/index.html: -8
[2014-09-05 23:38:35] EDIT InteractiveSignalViewer/views/login.html: 0
[2014-09-05 23:39:42] EDIT InteractiveSignalViewer/controllers/default.py: 1
[2014-09-05 23:42:18] CREATE default/login.html: 0
[2014-09-05 23:42:26] EDIT InteractiveSignalViewer/views/default/login.html: 1
[2014-09-05 23:45:57] EDIT InteractiveSignalViewer/controllers/default.py: 3
[2014-09-05 23:46:09] EDIT InteractiveSignalViewer/controllers/default.py: 0
[2014-09-05 23:51:50] EDIT InteractiveSignalViewer/controllers/default.py: 2
[2014-09-05 23:52:52] CREATE default/thanks.html: 0
[2014-09-05 23:52:55] EDIT InteractiveSignalViewer/views/default/thanks.html: 43
[2014-09-05 23:54:11] EDIT InteractiveSignalViewer/controllers/default.py: 3
[2014-09-05 23:54:59] EDIT InteractiveSignalViewer/controllers/default.py: 1
[2014-09-05 23:55:29] EDIT InteractiveSignalViewer/controllers/default.py: 2
[2014-09-05 23:55:35] EDIT InteractiveSignalViewer/controllers/default.py: 0
[2014-09-05 23:55:38] EDIT InteractiveSignalViewer/controllers/default.py: 0
[2014-09-05 23:57:27] EDIT InteractiveSignalViewer/controllers/default.py: -2
[2014-09-05 23:58:38] EDIT InteractiveSignalViewer/controllers/default.py: 0
[2014-09-05 23:59:23] EDIT InteractiveSignalViewer/controllers/default.py: 0
[2014-09-05 23:59:27] EDIT InteractiveSignalViewer/controllers/default.py: 0
[2014-09-06 00:00:15] EDIT InteractiveSignalViewer/controllers/default.py: 0
[2014-09-06 00:00:43] EDIT InteractiveSignalViewer/controllers/default.py: 1
[2014-09-06 00:02:22] EDIT InteractiveSignalViewer/views/default/login.html: 0
[2014-09-06 00:03:17] EDIT InteractiveSignalViewer/controllers/default.py: 0
[2014-09-06 00:05:24] EDIT InteractiveSignalViewer/controllers/default.py: 0
[2014-09-08 23:09:44] EDIT InteractiveSignalViewer/controllers/default.py: 0
[2014-09-09 00:48:41] EDIT InteractiveSignalViewer/models/db.py: 3
[2014-09-09 00:55:50] EDIT InteractiveSignalViewer/models/db.py: 0
[2014-09-09 00:59:36] EDIT InteractiveSignalViewer/controllers/default.py: -8
[2014-09-09 01:00:30] EDIT InteractiveSignalViewer/controllers/default.py: 2
[2014-09-09 01:00:38] EDIT InteractiveSignalViewer/models/db.py: 2
[2014-09-09 01:02:29] EDIT InteractiveSignalViewer/models/db.py: -45
[2014-09-09 01:03:22] EDIT InteractiveSignalViewer/models/db.py: 0
[2014-09-09 01:04:26] EDIT InteractiveSignalViewer/models/db.py: -2
[2014-09-09 01:04:34] EDIT InteractiveSignalViewer/models/db.py: 0
[2014-09-09 01:05:26] EDIT InteractiveSignalViewer/models/db.py: 0
[2014-09-09 01:07:52] EDIT InteractiveSignalViewer/models/db.py: 0
[2014-09-09 01:08:25] EDIT InteractiveSignalViewer/models/db.py: 0
[2014-09-09 01:09:57] EDIT InteractiveSignalViewer/controllers/default.py: 0
[2014-09-09 01:10:12] EDIT InteractiveSignalViewer/controllers/default.py: -2
[2014-09-09 01:14:56] EDIT InteractiveSignalViewer/models/db.py: 2
[2014-09-09 01:15:37] EDIT InteractiveSignalViewer/models/db.py: 0
[2014-09-09 01:16:32] EDIT InteractiveSignalViewer/models/db.py: -2
[2014-09-09 01:16:55] EDIT InteractiveSignalViewer/models/db.py: 0
[2014-09-09 01:17:29] EDIT InteractiveSignalViewer/controllers/default.py: 2
[2014-09-09 01:17:59] EDIT InteractiveSignalViewer/models/db.py: 0
[2014-09-09 01:22:25] EDIT InteractiveSignalViewer/controllers/default.py: 2
[2014-09-09 01:24:37] EDIT InteractiveSignalViewer/models/db.py: 0
[2014-09-09 01:27:18] EDIT InteractiveSignalViewer/controllers/default.py: -4
[2014-09-09 01:28:19] EDIT InteractiveSignalViewer/views/default/login.html: 1
[2014-09-09 01:30:53] EDIT InteractiveSignalViewer/models/db.py: 4
[2014-09-09 01:31:32] EDIT InteractiveSignalViewer/models/db.py: 16
[2014-09-09 01:31:51] EDIT InteractiveSignalViewer/models/db.py: -2
[2014-09-09 01:32:16] EDIT InteractiveSignalViewer/models/db.py: 0
[2014-09-09 01:32:33] EDIT InteractiveSignalViewer/models/db.py: 0
[2014-09-09 01:33:17] EDIT InteractiveSignalViewer/models/db.py: -1
[2014-09-09 01:36:50] EDIT InteractiveSignalViewer/controllers/default.py: 0
[2014-09-09 01:37:21] CREATE default/profile.html: 0
[2014-09-09 01:37:31] EDIT InteractiveSignalViewer/views/default/profile.html: 1
[2014-09-09 01:38:37] EDIT InteractiveSignalViewer/models/db.py: 1
[2014-09-09 01:38:57] EDIT InteractiveSignalViewer/models/db.py: -14
[2014-09-09 01:44:33] EDIT InteractiveSignalViewer/models/db.py: -6
[2014-09-09 01:46:17] EDIT InteractiveSignalViewer/models/db.py: 0
[2014-09-09 01:46:56] EDIT InteractiveSignalViewer/controllers/default.py: -1
[2014-09-09 01:47:04] EDIT InteractiveSignalViewer/controllers/default.py: 1
[2014-09-09 01:47:24] EDIT InteractiveSignalViewer/controllers/default.py: 0
[2014-09-09 01:47:47] EDIT InteractiveSignalViewer/controllers/default.py: 0
[2014-09-09 01:47:50] EDIT InteractiveSignalViewer/views/default/profile.html: 0
[2014-09-09 01:48:48] EDIT InteractiveSignalViewer/models/db.py: 1
[2014-09-09 01:48:58] EDIT InteractiveSignalViewer/models/db.py: 0
[2014-09-09 01:51:48] EDIT InteractiveSignalViewer/controllers/default.py: 6
[2014-09-09 01:52:06] EDIT InteractiveSignalViewer/controllers/default.py: -1
[2014-09-09 01:52:43] EDIT InteractiveSignalViewer/views/default/thanks.html: 1
[2014-09-09 01:52:53] EDIT InteractiveSignalViewer/views/default/thanks.html: 0
[2014-09-09 01:53:13] EDIT InteractiveSignalViewer/views/default/thanks.html: 0
[2014-09-09 01:56:06] CREATE plotting.py: 0
[2014-09-09 01:56:11] EDIT InteractiveSignalViewer/models/plotting.py: 45
[2014-09-09 01:56:46] EDIT InteractiveSignalViewer/controllers/default.py: -3
[2014-09-09 01:58:35] EDIT InteractiveSignalViewer/views/default/thanks.html: 0
[2014-09-09 01:58:54] EDIT InteractiveSignalViewer/controllers/default.py: -2
[2014-09-09 02:03:06] EDIT InteractiveSignalViewer/models/plotting.py: 1
[2014-09-09 02:05:33] EDIT InteractiveSignalViewer/controllers/default.py: 0
[2014-09-09 02:05:41] EDIT InteractiveSignalViewer/controllers/default.py: 0
[2014-09-09 02:11:26] EDIT InteractiveSignalViewer/views/default/thanks.html: 0
[2014-09-09 02:12:16] EDIT InteractiveSignalViewer/views/default/thanks.html: 0
[2014-09-09 02:13:11] EDIT InteractiveSignalViewer/controllers/default.py: 4
[2014-09-09 02:14:02] EDIT InteractiveSignalViewer/views/default/thanks.html: 2
[2014-09-09 02:22:49] EDIT InteractiveSignalViewer/controllers/default.py: -4
[2014-09-09 02:24:08] EDIT InteractiveSignalViewer/models/plotting.py: 0
[2014-09-10 00:58:40] EDIT InteractiveSignalViewer/controllers/default.py: 0
[2014-09-10 00:59:08] EDIT InteractiveSignalViewer/models/plotting.py: 0
[2014-09-10 01:00:14] EDIT InteractiveSignalViewer/models/plotting.py: -19
[2014-09-10 01:00:51] EDIT InteractiveSignalViewer/models/plotting.py: 19
[2014-09-10 01:01:00] EDIT InteractiveSignalViewer/models/plotting.py: 0
[2014-09-10 01:01:58] EDIT InteractiveSignalViewer/models/plotting.py: -3
[2014-09-10 01:02:16] EDIT InteractiveSignalViewer/models/plotting.py: -5
[2014-09-10 01:02:29] EDIT InteractiveSignalViewer/models/plotting.py: 5
[2014-09-10 01:03:00] EDIT InteractiveSignalViewer/models/plotting.py: -3
[2014-09-10 01:03:28] EDIT InteractiveSignalViewer/models/plotting.py: -14
[2014-09-10 01:03:35] EDIT InteractiveSignalViewer/models/plotting.py: 0
[2014-09-10 01:06:59] UPLOAD /home/sai/web2py/applications/InteractiveSignalViewer/private/test.csv: 1000000
[2014-09-10 01:09:48] EDIT InteractiveSignalViewer/models/plotting.py: 3
[2014-09-10 01:16:07] EDIT InteractiveSignalViewer/models/plotting.py: 1
[2014-09-10 01:16:29] EDIT InteractiveSignalViewer/models/plotting.py: 0
[2014-09-10 01:17:58] UPLOAD /home/sai/web2py/applications/InteractiveSignalViewer/static/test.csv: 1000000
[2014-09-10 01:18:05] EDIT InteractiveSignalViewer/models/plotting.py: 0
[2014-09-10 01:20:40] EDIT InteractiveSignalViewer/models/plotting.py: 2
[2014-09-10 01:20:57] EDIT InteractiveSignalViewer/models/plotting.py: 0
[2014-09-10 01:21:09] EDIT InteractiveSignalViewer/models/plotting.py: 0
[2014-09-10 01:21:35] EDIT InteractiveSignalViewer/models/plotting.py: 0
[2014-09-10 01:21:46] EDIT InteractiveSignalViewer/models/plotting.py: 0
[2014-09-10 01:22:11] EDIT InteractiveSignalViewer/models/plotting.py: 0
[2014-09-10 01:23:01] EDIT InteractiveSignalViewer/models/plotting.py: 0
[2014-09-10 01:23:47] EDIT InteractiveSignalViewer/models/plotting.py: 0
[2014-09-10 01:24:18] EDIT InteractiveSignalViewer/models/plotting.py: 0
[2014-09-10 01:24:40] EDIT InteractiveSignalViewer/models/plotting.py: 0
[2014-09-10 01:31:45] EDIT InteractiveSignalViewer/models/plotting.py: 7
[2014-09-10 01:32:36] EDIT InteractiveSignalViewer/models/plotting.py: -7
[2014-09-10 01:34:44] EDIT InteractiveSignalViewer/models/plotting.py: 3
[2014-09-10 01:35:09] EDIT InteractiveSignalViewer/models/plotting.py: 0
[2014-09-10 01:35:42] EDIT InteractiveSignalViewer/models/plotting.py: 1
[2014-09-10 01:35:58] EDIT InteractiveSignalViewer/models/plotting.py: 0
[2014-09-10 01:36:22] EDIT InteractiveSignalViewer/models/plotting.py: 0
[2014-09-10 01:37:01] EDIT InteractiveSignalViewer/models/plotting.py: 0
[2014-09-10 01:37:24] EDIT InteractiveSignalViewer/models/plotting.py: 0
[2014-09-10 01:38:16] EDIT InteractiveSignalViewer/models/plotting.py: 1
[2014-09-10 01:39:27] EDIT InteractiveSignalViewer/models/plotting.py: 1
[2014-09-10 01:39:36] EDIT InteractiveSignalViewer/models/plotting.py: 0
[2014-09-10 01:39:43] EDIT InteractiveSignalViewer/models/plotting.py: 0
[2014-09-10 01:41:16] EDIT InteractiveSignalViewer/models/plotting.py: 1
[2014-09-10 01:42:21] EDIT InteractiveSignalViewer/models/plotting.py: 0
[2014-09-10 01:44:30] EDIT InteractiveSignalViewer/models/plotting.py: 0
[2014-09-10 01:44:58] EDIT InteractiveSignalViewer/models/plotting.py: -2
[2014-09-10 01:51:49] EDIT InteractiveSignalViewer/models/plotting.py: -1
[2014-09-10 01:58:08] EDIT InteractiveSignalViewer/models/plotting.py: 3
[2014-09-10 01:59:11] EDIT InteractiveSignalViewer/models/plotting.py: -23
[2014-09-10 02:08:37] EDIT InteractiveSignalViewer/views/default/thanks.html: 73
[2014-09-10 02:10:31] UPLOAD /home/sai/web2py/applications/InteractiveSignalViewer/static/antibiotics.js: 19
[2014-09-10 02:10:45] UPLOAD /home/sai/web2py/applications/InteractiveSignalViewer/static/protovis.js: 14298
[2014-09-10 02:12:32] EDIT InteractiveSignalViewer/views/default/thanks.html: 0
[2014-09-10 02:12:40] EDIT InteractiveSignalViewer/views/default/thanks.html: 0
[2014-09-10 02:13:37] EDIT InteractiveSignalViewer/controllers/default.py: -1
[2014-09-10 02:17:10] EDIT InteractiveSignalViewer/models/plotting.py: -14
[2014-09-10 02:19:45] EDIT InteractiveSignalViewer/views/default/thanks.html: -66
[2014-09-10 02:22:15] EDIT InteractiveSignalViewer/views/default/thanks.html: 0
[2014-09-10 02:25:23] CREATE area.js: 0
[2014-09-10 02:26:10] EDIT InteractiveSignalViewer/static/area.js: 25
[2014-09-10 02:27:04] EDIT InteractiveSignalViewer/static/area.js: 0
[2014-09-10 02:28:52] EDIT InteractiveSignalViewer/views/default/thanks.html: -21
[2014-09-10 02:29:43] EDIT InteractiveSignalViewer/views/default/thanks.html: 8
[2014-09-10 02:30:39] EDIT InteractiveSignalViewer/static/area.js: -14
[2014-09-10 02:31:00] EDIT InteractiveSignalViewer/views/default/thanks.html: 3
[2014-09-10 02:32:27] EDIT InteractiveSignalViewer/views/default/thanks.html: 0
[2014-09-10 02:35:34] EDIT InteractiveSignalViewer/views/default/thanks.html: -1
[2014-09-10 02:35:57] EDIT InteractiveSignalViewer/views/default/thanks.html: -31
[2014-09-10 02:36:13] EDIT InteractiveSignalViewer/views/default/thanks.html: -1
[2014-09-10 02:37:26] EDIT InteractiveSignalViewer/views/default/thanks.html: -1
[2014-09-10 02:37:39] EDIT InteractiveSignalViewer/views/default/thanks.html: 0
[2014-09-10 02:38:07] EDIT InteractiveSignalViewer/views/default/thanks.html: 0
[2014-09-10 02:39:35] EDIT InteractiveSignalViewer/views/default/thanks.html: 2
[2014-09-10 02:42:56] EDIT InteractiveSignalViewer/static/area.js: -8
[2014-09-10 02:43:16] EDIT InteractiveSignalViewer/views/default/thanks.html: 0
[2014-09-10 02:44:43] EDIT InteractiveSignalViewer/views/default/thanks.html: 107
[2014-09-10 02:45:00] EDIT InteractiveSignalViewer/views/default/thanks.html: 0
[2014-09-10 02:46:06] EDIT InteractiveSignalViewer/views/default/thanks.html: 0
[2014-09-10 02:47:23] EDIT InteractiveSignalViewer/views/default/thanks.html: -74
[2014-09-10 02:48:32] EDIT InteractiveSignalViewer/views/default/thanks.html: 4
[2014-09-10 02:49:09] EDIT InteractiveSignalViewer/views/default/thanks.html: 9
[2014-09-10 02:50:40] EDIT InteractiveSignalViewer/views/default/thanks.html: -1
[2014-09-10 02:50:58] EDIT InteractiveSignalViewer/static/area.js: 0
[2014-09-10 02:51:17] EDIT InteractiveSignalViewer/views/default/thanks.html: 0
[2014-09-10 02:53:24] EDIT InteractiveSignalViewer/views/default/thanks.html: 13
[2014-09-10 02:53:51] EDIT InteractiveSignalViewer/views/default/thanks.html: 12
[2014-09-10 02:54:25] EDIT InteractiveSignalViewer/views/default/thanks.html: 0
[2014-09-10 02:56:04] EDIT InteractiveSignalViewer/views/default/thanks.html: 0
[2014-09-10 02:57:18] EDIT InteractiveSignalViewer/views/default/thanks.html: 0
[2014-09-10 02:57:48] EDIT InteractiveSignalViewer/views/default/thanks.html: -13
[2014-09-10 02:58:13] EDIT InteractiveSignalViewer/views/default/thanks.html: 1
[2014-09-10 02:58:39] EDIT InteractiveSignalViewer/views/default/thanks.html: 7
[2014-09-10 02:59:41] EDIT InteractiveSignalViewer/views/default/thanks.html: 0
[2014-09-10 02:59:50] EDIT InteractiveSignalViewer/views/default/thanks.html: -7
[2014-09-10 03:00:08] EDIT InteractiveSignalViewer/views/default/thanks.html: 7
[2014-09-10 03:00:38] EDIT InteractiveSignalViewer/views/default/thanks.html: -7
[2014-09-10 03:07:36] EDIT InteractiveSignalViewer/views/default/thanks.html: 7
[2014-09-10 03:07:47] EDIT InteractiveSignalViewer/views/default/thanks.html: -7
[2014-09-10 03:10:40] EDIT InteractiveSignalViewer/views/default/thanks.html: 7
[2014-09-10 03:11:10] EDIT InteractiveSignalViewer/views/default/thanks.html: 5
[2014-09-10 03:12:20] EDIT InteractiveSignalViewer/views/default/thanks.html: 0
[2014-09-10 03:15:53] EDIT InteractiveSignalViewer/views/default/thanks.html: 3
[2014-09-10 03:18:35] EDIT InteractiveSignalViewer/views/default/thanks.html: 0
[2014-09-10 03:28:50] EDIT InteractiveSignalViewer/views/default/thanks.html: 2
[2014-09-10 03:30:34] EDIT InteractiveSignalViewer/views/default/thanks.html: -1
[2014-09-10 03:32:03] EDIT InteractiveSignalViewer/views/default/thanks.html: 1
[2014-09-10 03:32:30] EDIT InteractiveSignalViewer/views/default/thanks.html: -3
[2014-09-10 03:33:29] EDIT InteractiveSignalViewer/views/default/thanks.html: 0
[2014-09-10 03:34:02] EDIT InteractiveSignalViewer/views/default/thanks.html: 0
[2014-09-10 03:34:14] EDIT InteractiveSignalViewer/views/default/thanks.html: 0
[2014-09-10 03:34:30] EDIT InteractiveSignalViewer/views/default/thanks.html: 0
[2014-09-10 03:35:16] EDIT InteractiveSignalViewer/views/default/thanks.html: 0
[2014-09-10 03:35:35] EDIT InteractiveSignalViewer/views/default/thanks.html: 0
[2014-09-10 03:35:43] EDIT InteractiveSignalViewer/views/default/thanks.html: 0
[2014-09-10 03:35:56] EDIT InteractiveSignalViewer/views/default/thanks.html: -1
[2014-09-10 03:37:22] EDIT InteractiveSignalViewer/views/default/thanks.html: -26
[2014-09-10 03:37:54] EDIT InteractiveSignalViewer/views/default/thanks.html: 1
[2014-09-10 03:38:56] EDIT InteractiveSignalViewer/views/default/thanks.html: 24
[2014-09-10 03:41:11] EDIT InteractiveSignalViewer/models/plotting.py: 0
[2014-09-10 03:44:33] EDIT InteractiveSignalViewer/models/plotting.py: 8
[2014-09-10 03:48:03] EDIT InteractiveSignalViewer/views/default/thanks.html: 1
[2014-09-10 03:51:51] EDIT InteractiveSignalViewer/controllers/default.py: 9
[2014-09-10 03:52:30] EDIT InteractiveSignalViewer/controllers/default.py: 1
[2014-09-10 03:53:42] EDIT InteractiveSignalViewer/views/default/thanks.html: -2
[2014-09-10 03:54:41] EDIT InteractiveSignalViewer/views/default/thanks.html: 0
[2014-09-10 03:55:28] EDIT InteractiveSignalViewer/views/default/thanks.html: 0
[2014-09-10 03:57:03] EDIT InteractiveSignalViewer/views/default/thanks.html: 0
[2014-09-10 03:57:15] EDIT InteractiveSignalViewer/controllers/default.py: 0
[2014-09-10 04:03:19] EDIT InteractiveSignalViewer/views/default/thanks.html: 1
[2014-09-10 04:04:35] EDIT InteractiveSignalViewer/views/default/thanks.html: 1
[2014-09-10 04:22:38] EDIT InteractiveSignalViewer/controllers/default.py: 0
[2014-09-10 04:26:19] EDIT InteractiveSignalViewer/controllers/default.py: 0
[2014-09-10 04:28:57] EDIT InteractiveSignalViewer/controllers/default.py: 0
[2014-09-10 04:31:20] EDIT InteractiveSignalViewer/views/default/thanks.html: 0
[2014-09-10 04:31:25] EDIT InteractiveSignalViewer/views/default/thanks.html: -1
[2014-09-10 04:32:25] EDIT InteractiveSignalViewer/views/default/thanks.html: 1
[2014-09-10 04:33:38] EDIT InteractiveSignalViewer/controllers/default.py: 0
[2014-09-10 04:33:53] EDIT InteractiveSignalViewer/controllers/default.py: 0
[2014-09-10 04:39:01] EDIT InteractiveSignalViewer/controllers/default.py: 0
[2014-09-10 04:48:39] CREATE highcharts.js: 0
[2014-09-10 04:48:46] EDIT InteractiveSignalViewer/static/highcharts.js: 306
[2014-09-10 12:20:03] EDIT InteractiveSignalViewer/views/default/thanks.html: -2
[2014-09-10 12:20:37] EDIT InteractiveSignalViewer/views/default/thanks.html: 0
[2014-09-10 12:22:23] CREATE newplot.js: 0
[2014-09-10 12:22:54] EDIT InteractiveSignalViewer/static/newplot.js: 2
[2014-09-10 12:24:29] EDIT InteractiveSignalViewer/views/default/thanks.html: -1
[2014-09-10 12:25:33] EDIT InteractiveSignalViewer/static/highcharts.js: 0
[2014-09-10 12:26:13] CREATE exporting.js: 0
[2014-09-10 12:26:33] EDIT InteractiveSignalViewer/static/exporting.js: 21
[2014-09-10 12:27:36] EDIT InteractiveSignalViewer/views/default/thanks.html: 0
[2014-09-10 12:28:04] EDIT InteractiveSignalViewer/static/exporting.js: 0
[2014-09-10 12:28:52] EDIT InteractiveSignalViewer/views/default/thanks.html: 0
[2014-09-10 12:30:32] EDIT InteractiveSignalViewer/views/default/thanks.html: -1
[2014-09-10 12:31:29] EDIT InteractiveSignalViewer/views/default/thanks.html: 1
[2014-09-10 12:32:07] EDIT InteractiveSignalViewer/views/default/thanks.html: -1
[2014-09-10 12:38:00] EDIT InteractiveSignalViewer/views/default/thanks.html: -2
[2014-09-10 12:38:53] EDIT InteractiveSignalViewer/views/default/thanks.html: 0
[2014-09-10 15:01:33] EDIT InteractiveSignalViewer/views/default/thanks.html: -4
[2014-09-10 15:02:20] EDIT InteractiveSignalViewer/views/default/thanks.html: -4
[2014-09-10 16:05:51] EDIT InteractiveSignalViewer/models/db.py: 4
[2014-09-10 16:06:15] EDIT InteractiveSignalViewer/models/db.py: 0
[2014-09-10 16:06:27] EDIT InteractiveSignalViewer/models/db.py: 0
[2014-09-10 16:06:40] EDIT InteractiveSignalViewer/models/db.py: 0
[2014-09-10 16:07:38] EDIT InteractiveSignalViewer/views/appadmin.html: 0
[2014-09-10 16:12:02] EDIT InteractiveSignalViewer/models/db.py: 0
[2014-09-10 16:17:53] EDIT InteractiveSignalViewer/models/db.py: 1
[2014-09-10 16:18:28] EDIT InteractiveSignalViewer/models/db.py: 0
[2014-09-10 16:21:11] EDIT InteractiveSignalViewer/controllers/default.py: 1
[2014-09-10 16:21:33] EDIT InteractiveSignalViewer/models/db.py: -1
[2014-09-10 16:30:47] EDIT InteractiveSignalViewer/controllers/default.py: -1
[2014-09-10 16:31:32] EDIT InteractiveSignalViewer/controllers/default.py: 1
[2014-09-10 16:33:59] EDIT InteractiveSignalViewer/controllers/default.py: 0
[2014-09-10 16:34:27] EDIT InteractiveSignalViewer/controllers/default.py: 0
[2014-09-10 16:42:43] EDIT InteractiveSignalViewer/controllers/default.py: 0
[2014-09-10 16:47:08] EDIT InteractiveSignalViewer/controllers/default.py: 0
[2014-09-10 16:54:30] EDIT InteractiveSignalViewer/models/plotting.py: -9
[2014-09-10 17:10:05] EDIT InteractiveSignalViewer/views/default/index.html: 0
[2014-09-10 17:10:45] EDIT InteractiveSignalViewer/views/default/index.html: 0
[2014-09-10 17:11:24] EDIT InteractiveSignalViewer/views/default/index.html: 0
[2014-09-10 17:11:56] EDIT InteractiveSignalViewer/views/default/index.html: 0
[2014-09-10 17:12:14] EDIT InteractiveSignalViewer/views/default/index.html: 0
[2014-09-10 17:12:47] EDIT InteractiveSignalViewer/views/default/index.html: 0
[2014-09-10 17:13:22] EDIT InteractiveSignalViewer/views/default/index.html: 0
[2014-09-10 17:13:53] EDIT InteractiveSignalViewer/views/default/index.html: 0
[2014-09-10 17:14:03] EDIT InteractiveSignalViewer/views/default/index.html: 0
[2014-09-10 17:14:20] EDIT InteractiveSignalViewer/views/default/index.html: -16
[2014-09-10 17:14:44] EDIT InteractiveSignalViewer/views/default/index.html: 16
[2014-09-10 17:18:00] EDIT InteractiveSignalViewer/views/default/index.html: 0
[2014-09-10 17:18:50] EDIT InteractiveSignalViewer/controllers/default.py: 0
[2014-09-10 17:23:58] EDIT InteractiveSignalViewer/controllers/default.py: 0
[2014-09-10 17:24:58] EDIT InteractiveSignalViewer/views/default/thanks.html: 0
[2014-09-10 17:26:35] EDIT InteractiveSignalViewer/controllers/default.py: 0
[2014-09-10 17:27:23] EDIT InteractiveSignalViewer/controllers/default.py: 0
[2014-09-10 17:28:35] EDIT InteractiveSignalViewer/controllers/default.py: 0
[2014-09-10 17:29:18] EDIT InteractiveSignalViewer/controllers/default.py: 0
[2014-09-10 17:30:01] EDIT InteractiveSignalViewer/controllers/default.py: 0
[2014-09-10 17:37:42] EDIT InteractiveSignalViewer/views/default/thanks.html: 1
[2014-09-10 17:37:45] EDIT InteractiveSignalViewer/views/default/index.html: 0
[2014-09-10 17:38:56] EDIT InteractiveSignalViewer/views/default/thanks.html: 1
[2014-09-10 17:41:24] EDIT InteractiveSignalViewer/views/default/thanks.html: -1
[2014-09-10 18:10:13] EDIT InteractiveSignalViewer/views/default/profile.html: 68
[2014-09-10 18:10:46] EDIT InteractiveSignalViewer/controllers/default.py: -2
[2014-09-10 18:12:09] EDIT InteractiveSignalViewer/views/default/login.html: -3
[2014-09-10 18:12:27] EDIT InteractiveSignalViewer/views/default/login.html: -1
[2014-09-10 18:13:22] EDIT InteractiveSignalViewer/views/default/login.html: 59
[2014-09-10 18:13:51] EDIT InteractiveSignalViewer/views/default/login.html: 0
[2014-09-10 18:13:56] EDIT InteractiveSignalViewer/views/default/login.html: -1
[2014-09-10 18:14:33] EDIT InteractiveSignalViewer/views/default/login.html: 0
[2014-09-10 18:14:43] EDIT InteractiveSignalViewer/views/default/login.html: 1
[2014-09-10 18:15:28] EDIT InteractiveSignalViewer/views/default/login.html: 2
[2014-09-10 18:15:37] EDIT InteractiveSignalViewer/views/default/login.html: 0
[2014-09-10 18:15:45] EDIT InteractiveSignalViewer/views/default/login.html: 0
[2014-09-10 18:15:53] EDIT InteractiveSignalViewer/views/default/login.html: 0
[2014-09-10 18:15:57] EDIT InteractiveSignalViewer/views/default/login.html: 0
[2014-09-10 18:16:29] EDIT InteractiveSignalViewer/views/default/login.html: 0
[2014-09-10 18:17:18] EDIT InteractiveSignalViewer/static/plugin_layouts/layouts/Customize/style.css: 4
[2014-09-10 18:19:28] EDIT InteractiveSignalViewer/controllers/default.py: 0
[2014-09-10 18:19:36] EDIT InteractiveSignalViewer/controllers/default.py: 0
[2014-09-10 18:19:52] EDIT InteractiveSignalViewer/controllers/default.py: 0
[2014-09-10 18:20:48] EDIT InteractiveSignalViewer/views/default/login.html: -56
[2014-09-10 18:21:42] EDIT InteractiveSignalViewer/views/default/login.html: 56
[2014-09-10 18:22:06] EDIT InteractiveSignalViewer/views/default/login.html: 1
[2014-09-10 18:22:34] EDIT InteractiveSignalViewer/views/default/login.html: 3
[2014-09-10 18:22:58] EDIT InteractiveSignalViewer/views/default/login.html: 3
[2014-09-10 18:23:10] EDIT InteractiveSignalViewer/views/default/login.html: 0
[2014-09-10 18:26:59] EDIT InteractiveSignalViewer/views/default/profile.html: 3
[2014-09-10 18:28:16] EDIT InteractiveSignalViewer/views/default/profile.html: 34
[2014-09-10 18:28:43] EDIT InteractiveSignalViewer/views/default/profile.html: -1
[2014-09-10 18:29:07] EDIT InteractiveSignalViewer/views/default/profile.html: -5
[2014-09-10 18:30:51] EDIT InteractiveSignalViewer/views/default/profile.html: 1
[2014-09-10 18:30:57] EDIT InteractiveSignalViewer/views/default/profile.html: -1
[2014-09-10 18:31:16] EDIT InteractiveSignalViewer/views/default/profile.html: 1
[2014-09-10 18:31:35] EDIT InteractiveSignalViewer/views/default/profile.html: 0
[2014-09-10 18:32:11] EDIT InteractiveSignalViewer/views/default/profile.html: 0
[2014-09-10 18:33:14] EDIT InteractiveSignalViewer/controllers/default.py: 0
[2014-09-10 18:40:23] EDIT InteractiveSignalViewer/views/default/profile.html: 5
[2014-09-10 18:40:47] EDIT InteractiveSignalViewer/views/default/profile.html: -5
[2014-09-10 18:43:30] EDIT InteractiveSignalViewer/views/default/profile.html: 2
[2014-09-10 18:44:35] EDIT InteractiveSignalViewer/views/default/profile.html: -1
[2014-09-10 18:47:11] EDIT InteractiveSignalViewer/views/default/profile.html: 1
[2014-09-10 18:48:11] EDIT InteractiveSignalViewer/views/default/profile.html: 1
[2014-09-10 18:49:04] EDIT InteractiveSignalViewer/views/default/profile.html: -2
[2014-09-10 18:50:35] EDIT InteractiveSignalViewer/views/default/profile.html: 19
[2014-09-10 18:51:55] EDIT InteractiveSignalViewer/static/plugin_layouts/layouts/Customize/style.css: 5
[2014-09-10 18:53:10] EDIT InteractiveSignalViewer/views/default/profile.html: 4
[2014-09-10 18:53:51] EDIT InteractiveSignalViewer/views/default/profile.html: 0
[2014-09-10 18:54:56] EDIT InteractiveSignalViewer/views/default/profile.html: 7
[2014-09-10 18:58:06] EDIT InteractiveSignalViewer/views/default/profile.html: 1
[2014-09-10 18:58:39] EDIT InteractiveSignalViewer/views/default/profile.html: -19
[2014-09-10 19:03:37] EDIT InteractiveSignalViewer/views/default/profile.html: 31
[2014-09-10 19:08:34] EDIT InteractiveSignalViewer/views/default/profile.html: 10
[2014-09-10 19:09:07] EDIT InteractiveSignalViewer/views/default/profile.html: -10
[2014-09-10 19:10:03] EDIT InteractiveSignalViewer/views/default/profile.html: 1
[2014-09-10 19:10:52] EDIT InteractiveSignalViewer/views/default/profile.html: 1
[2014-09-10 19:12:19] EDIT InteractiveSignalViewer/views/default/profile.html: 0
[2014-09-10 19:15:27] EDIT InteractiveSignalViewer/views/default/profile.html: -12
[2014-09-10 19:18:14] EDIT InteractiveSignalViewer/views/default/profile.html: 9
[2014-09-10 19:21:03] EDIT InteractiveSignalViewer/views/default/profile.html: 2
[2014-09-10 19:23:27] EDIT InteractiveSignalViewer/views/default/profile.html: 0
[2014-09-10 19:25:51] EDIT InteractiveSignalViewer/views/default/profile.html: 8
[2014-09-10 19:27:21] EDIT InteractiveSignalViewer/views/default/profile.html: 0
[2014-09-10 19:27:39] EDIT InteractiveSignalViewer/views/default/profile.html: -2
[2014-09-10 19:29:18] EDIT InteractiveSignalViewer/views/default/profile.html: -6
[2014-09-10 19:31:23] EDIT InteractiveSignalViewer/views/default/profile.html: -9
[2014-09-10 19:32:07] EDIT InteractiveSignalViewer/views/default/profile.html: 6
[2014-09-10 19:33:17] EDIT InteractiveSignalViewer/views/default/profile.html: 0
[2014-09-10 19:35:55] EDIT InteractiveSignalViewer/views/default/profile.html: 4
[2014-09-10 19:37:41] EDIT InteractiveSignalViewer/views/default/profile.html: 0
[2014-09-10 19:37:54] EDIT InteractiveSignalViewer/views/default/profile.html: 0
[2014-09-10 19:38:03] EDIT InteractiveSignalViewer/views/default/profile.html: 0
[2014-09-10 19:38:27] EDIT InteractiveSignalViewer/views/default/profile.html: 0
[2014-09-10 19:38:52] EDIT InteractiveSignalViewer/views/default/profile.html: 0
[2014-09-10 19:40:51] EDIT InteractiveSignalViewer/views/default/profile.html: 1
[2014-09-10 19:41:46] EDIT InteractiveSignalViewer/views/default/profile.html: 0
[2014-09-10 19:42:21] EDIT InteractiveSignalViewer/views/default/profile.html: 2
[2014-09-10 19:42:57] EDIT InteractiveSignalViewer/views/default/profile.html: 1
[2014-09-10 19:43:28] EDIT InteractiveSignalViewer/views/default/profile.html: 0
[2014-09-12 21:36:25] EDIT InteractiveSignalViewer/views/default/profile.html: 6
[2014-09-12 21:38:08] EDIT InteractiveSignalViewer/views/default/profile.html: 0
[2014-09-12 21:41:01] EDIT InteractiveSignalViewer/views/default/profile.html: -7
[2014-09-12 21:42:08] EDIT InteractiveSignalViewer/views/default/profile.html: -2
[2014-09-12 21:42:40] EDIT InteractiveSignalViewer/controllers/default.py: 0
[2014-09-12 21:43:37] EDIT InteractiveSignalViewer/controllers/default.py: 0
[2014-09-12 21:43:48] EDIT InteractiveSignalViewer/controllers/default.py: 0
[2014-09-12 21:45:39] CREATE default/selection.html: 0
[2014-09-12 21:45:50] EDIT InteractiveSignalViewer/views/default/selection.html: 7
[2014-09-12 21:46:11] EDIT InteractiveSignalViewer/controllers/default.py: 2
[2014-09-12 21:46:16] EDIT InteractiveSignalViewer/controllers/default.py: 0
[2014-09-12 21:47:32] EDIT InteractiveSignalViewer/views/default/selection.html: -1
[2014-09-12 21:47:58] EDIT InteractiveSignalViewer/views/default/selection.html: 0
[2014-09-12 21:48:29] CREATE default/profile1.html: 0
[2014-09-12 21:48:34] EDIT InteractiveSignalViewer/views/default/profile1.html: 148
[2014-09-12 21:48:39] CREATE default/profile2.html: 0
[2014-09-12 21:48:42] EDIT InteractiveSignalViewer/views/default/profile2.html: 148
[2014-09-12 21:49:14] EDIT InteractiveSignalViewer/controllers/default.py: 16
[2014-09-12 21:55:32] EDIT InteractiveSignalViewer/views/default/index.html: 6
[2014-09-12 21:55:49] EDIT InteractiveSignalViewer/views/default/index.html: -17
[2014-09-12 21:56:05] EDIT InteractiveSignalViewer/views/default/index.html: 0
[2014-09-12 21:56:40] EDIT InteractiveSignalViewer/controllers/default.py: 0
[2014-09-12 21:56:46] EDIT InteractiveSignalViewer/controllers/default.py: 0
[2014-09-12 21:57:29] EDIT InteractiveSignalViewer/views/default/index.html: 0
[2014-09-12 21:57:51] EDIT InteractiveSignalViewer/views/default/index.html: 0
[2014-09-12 22:01:57] EDIT InteractiveSignalViewer/models/db.py: 0
[2014-09-12 22:02:45] EDIT InteractiveSignalViewer/models/db.py: 0
[2014-09-12 22:03:05] EDIT InteractiveSignalViewer/models/db.py: 0
